<?xml version="1.0" encoding="UTF-8"?>
<testng-results ignored="0" total="1" passed="1" failed="0" skipped="0">
  <reporter-output>
  </reporter-output>
  <suite started-at="2026-03-17T21:50:51 EAT" name="Default suite" finished-at="2026-03-17T21:51:06 EAT" duration-ms="14554">
    <groups>
    </groups>
    <test started-at="2026-03-17T21:50:51 EAT" name="Default test" finished-at="2026-03-17T21:51:06 EAT" duration-ms="14554">
      <class name="tests.SaucedemoTest">
        <test-method is-config="true" signature="setUp(java.lang.String)[pri:0, instance:tests.SaucedemoTest@799f10e1]" started-at="2026-03-17T21:50:51 EAT" name="setUp" finished-at="2026-03-17T21:51:00 EAT" duration-ms="9183" status="PASS">
          <params>
            <param index="0">
              <value>
                <![CDATA[chromium]]>
              </value>
            </param>
          </params>
          <reporter-output>
          </reporter-output>
        </test-method> <!-- setUp -->
        <test-method is-config="true" signature="setUpTest()[pri:0, instance:tests.SaucedemoTest@799f10e1]" started-at="2026-03-17T21:51:00 EAT" name="setUpTest" finished-at="2026-03-17T21:51:02 EAT" duration-ms="1886" status="PASS">
          <reporter-output>
          </reporter-output>
        </test-method> <!-- setUpTest -->
        <test-method signature="verifyFullPurchaseFlow(java.lang.String,java.lang.String)[pri:0, instance:tests.SaucedemoTest@799f10e1]" started-at="2026-03-17T21:51:02 EAT" name="verifyFullPurchaseFlow" data-provider="users" finished-at="2026-03-17T21:51:05 EAT" duration-ms="2947" status="PASS">
          <params>
            <param index="0">
              <value>
                <![CDATA[standard_user]]>
              </value>
            </param>
            <param index="1">
              <value>
                <![CDATA[secret_sauce]]>
              </value>
            </param>
          </params>
          <reporter-output>
          </reporter-output>
        </test-method> <!-- verifyFullPurchaseFlow -->
        <test-method is-config="true" signature="tearDown()[pri:0, instance:tests.SaucedemoTest@799f10e1]" started-at="2026-03-17T21:51:05 EAT" name="tearDown" finished-at="2026-03-17T21:51:06 EAT" duration-ms="439" status="PASS">
          <reporter-output>
          </reporter-output>
        </test-method> <!-- tearDown -->
      </class> <!-- tests.SaucedemoTest -->
    </test> <!-- Default test -->
  </suite> <!-- Default suite -->
</testng-results>
